<?xml version="1.0" encoding="UTF-8"?>
<testng-results skipped="0" failed="0" ignored="0" total="1" passed="1">
  <reporter-output>
  </reporter-output>
  <suite name="Default suite" duration-ms="6751" started-at="2021-09-10T05:29:19Z" finished-at="2021-09-10T05:29:25Z">
    <groups>
      <group name="cucumber">
        <method signature="AbstractTestNGCucumberTests.feature(cucumber.api.testng.CucumberFeatureWrapper)[pri:0, instance:Runner.Runner@1757cd72]" name="feature" class="cucumber.api.testng.AbstractTestNGCucumberTests"/>
      </group> <!-- cucumber -->
    </groups>
    <test name="Default test" duration-ms="6751" started-at="2021-09-10T05:29:19Z" finished-at="2021-09-10T05:29:25Z">
      <class name="Runner.Runner">
        <test-method status="PASS" signature="setUpClass()[pri:0, instance:Runner.Runner@1757cd72]" name="setUpClass" is-config="true" duration-ms="217" started-at="2021-09-10T05:29:19Z" finished-at="2021-09-10T05:29:19Z">
          <reporter-output>
          </reporter-output>
        </test-method> <!-- setUpClass -->
        <test-method status="PASS" signature="feature(cucumber.api.testng.CucumberFeatureWrapper)[pri:0, instance:Runner.Runner@1757cd72]" name="feature" duration-ms="6420" started-at="2021-09-10T05:29:19Z" description="Runs Cucumber Feature" data-provider="features" finished-at="2021-09-10T05:29:25Z">
          <params>
            <param index="0">
              <value>
                <![CDATA[Transfer money with valid username and password]]>
              </value>
            </param>
          </params>
          <reporter-output>
          </reporter-output>
        </test-method> <!-- feature -->
        <test-method status="PASS" signature="tearDownClass()[pri:0, instance:Runner.Runner@1757cd72]" name="tearDownClass" is-config="true" duration-ms="5" started-at="2021-09-10T05:29:25Z" finished-at="2021-09-10T05:29:25Z">
          <reporter-output>
          </reporter-output>
        </test-method> <!-- tearDownClass -->
      </class> <!-- Runner.Runner -->
    </test> <!-- Default test -->
  </suite> <!-- Default suite -->
</testng-results>
